INFO: [VRFC 10-2263] Analyzing Verilog file "E:/FPGA/730/key_led/key_led.srcs/sources_1/ip/clk_wiz_0/clk_wiz_0_clk_wiz.v" into library xil_defaultlib
INFO: [VRFC 10-311] analyzing module clk_wiz_0_clk_wiz
INFO: [VRFC 10-2263] Analyzing Verilog file "E:/FPGA/730/key_led/key_led.srcs/sources_1/ip/clk_wiz_0/clk_wiz_0.v" into library xil_defaultlib
INFO: [VRFC 10-311] analyzing module clk_wiz_0
INFO: [VRFC 10-2263] Analyzing Verilog file "E:/FPGA/730/key_led/key_led.srcs/sources_1/new/Driver_Breath_LED.v" into library xil_defaultlib
INFO: [VRFC 10-311] analyzing module Driver_Breath_LED
INFO: [VRFC 10-2263] Analyzing Verilog file "E:/FPGA/730/key_led/key_led.srcs/sources_1/new/Driver_RGB_LED.v" into library xil_defaultlib
INFO: [VRFC 10-311] analyzing module Driver_RGB_LED
INFO: [VRFC 10-311] analyzing module Driver_SK6805
INFO: [VRFC 10-2263] Analyzing Verilog file "E:/FPGA/730/key_led/key_led.srcs/sources_1/new/Key_Test_Color.v" into library xil_defaultlib
INFO: [VRFC 10-311] analyzing module Key_Test_Color
INFO: [VRFC 10-2263] Analyzing Verilog file "E:/FPGA/730/key_led/key_led.srcs/sources_1/new/RGB.v" into library xil_defaultlib
INFO: [VRFC 10-311] analyzing module RGB
INFO: [VRFC 10-2263] Analyzing Verilog file "E:/FPGA/730/key_led/key_led.srcs/sources_1/new/XLJC.v" into library xil_defaultlib
INFO: [VRFC 10-311] analyzing module XLJC
INFO: [VRFC 10-2263] Analyzing Verilog file "E:/FPGA/730/key_led/key_led.srcs/sources_1/new/clk_division.v" into library xil_defaultlib
INFO: [VRFC 10-311] analyzing module clk_division
INFO: [VRFC 10-2263] Analyzing Verilog file "E:/FPGA/730/key_led/key_led.srcs/sources_1/new/en_out.v" into library xil_defaultlib
INFO: [VRFC 10-311] analyzing module en_out
INFO: [VRFC 10-2263] Analyzing Verilog file "E:/FPGA/730/key_led/key_led.srcs/sources_1/new/key_filter.v" into library xil_defaultlib
INFO: [VRFC 10-311] analyzing module key_filter
INFO: [VRFC 10-2263] Analyzing Verilog file "E:/FPGA/730/key_led/key_led.srcs/sources_1/new/top.v" into library xil_defaultlib
INFO: [VRFC 10-311] analyzing module top
INFO: [VRFC 10-2263] Analyzing Verilog file "E:/FPGA/730/key_led/key_led.srcs/sim_1/new/testbench.v" into library xil_defaultlib
INFO: [VRFC 10-311] analyzing module testbench
